2021/06/23 12:46:46 にビルドを開始しました。
     1>ノード 2 上のプロジェクト "C:\school\new\onliegame\Onlinegame2\DxLibProgram\DxLibProgram.vcxproj" (build ターゲット)。
     1>InitializeBuildStatus:
         "AlwaysCreate" が指定されたため "Debug\DxLibProgram.unsuccessfulbuild" を作成しています。
       ClCompile:
         C:\Program Files (x86)\Microsoft Visual Studio 10.0\VC\bin\CL.exe /c /I"C:\Program Files\DxLib_VC" /ZI /nologo /W3 /WX- /Od /Oy- /D WIN32 /D _DEBUG /D _WINDOWS /D _MBCS /Gm /EHsc /RTC1 /MTd /GS /fp:precise /Zc:wchar_t /Zc:forScope /Fo"Debug\\" /Fd"Debug\vc100.pdb" /Gd /TP /analyze- /errorReport:prompt WinMain.cpp
         WinMain.cpp
       ManifestResourceCompile:
         すべての出力が最新のものです。
       Link:
         C:\Program Files (x86)\Microsoft Visual Studio 10.0\VC\bin\link.exe /ERRORREPORT:PROMPT /OUT:"C:\school\new\onliegame\Onlinegame2\Debug\DxLibProgram.exe" /INCREMENTAL /NOLOGO /LIBPATH:"C:\Program Files\DxLib_VC" ws2_32.lib msimg32.lib dxerr.lib dsound.lib dinput8.lib d3dx9.lib d3d9.lib d3dxof.lib dxguid.lib kernel32.lib user32.lib gdi32.lib winspool.lib comdlg32.lib advapi32.lib shell32.lib ole32.lib oleaut32.lib uuid.lib odbc32.lib odbccp32.lib kernel32.lib user32.lib gdi32.lib winspool.lib comdlg32.lib advapi32.lib shell32.lib ole32.lib oleaut32.lib uuid.lib odbc32.lib odbccp32.lib /MANIFEST /ManifestFile:"Debug\DxLibProgram.exe.intermediate.manifest" /MANIFESTUAC:"level='asInvoker' uiAccess='false'" /DEBUG /PDB:"C:\school\new\onliegame\Onlinegame2\Debug\DxLibProgram.pdb" /SUBSYSTEM:WINDOWS /TLBID:1 /DYNAMICBASE /NXCOMPAT /IMPLIB:"C:\school\new\onliegame\Onlinegame2\Debug\DxLibProgram.lib" /MACHINE:X86 Debug\DxLibProgram.exe.embed.manifest.res
         Debug\Chara_CameraPosition.obj
         Debug\chara_player.obj
         Debug\Client.obj
         Debug\Common.obj
         Debug\ConsoleWindow.obj
         Debug\Key.obj
         Debug\Server.obj
         Debug\Stagedata.obj
         Debug\WinMain.obj
         Debug\WinMain_SetServerClient.obj
       Manifest:
         C:\Program Files (x86)\Microsoft SDKs\Windows\v7.0A\bin\mt.exe /nologo /verbose /out:"Debug\DxLibProgram.exe.embed.manifest" /manifest Debug\DxLibProgram.exe.intermediate.manifest
         すべての出力が最新のものです。
       LinkEmbedManifest:
         すべての出力が最新のものです。
         DxLibProgram.vcxproj -> C:\school\new\onliegame\Onlinegame2\Debug\DxLibProgram.exe
       FinalizeBuildStatus:
         ファイル "Debug\DxLibProgram.unsuccessfulbuild" を削除しています。
         "Debug\DxLibProgram.lastbuildstate" のタッチ タスクを実行しています。
     1>プロジェクト "C:\school\new\onliegame\Onlinegame2\DxLibProgram\DxLibProgram.vcxproj" (build ターゲット) のビルドが完了しました。

ビルドに成功しました。

経過時間 00:00:02.13
