C:\SCHOOL\3Dゲーム基礎技術\20375012_小竹映唯斗\DEBUG\DXLIBPROGRAM.EXE
C:\SCHOOL\3Dゲーム基礎技術\20375012_小竹映唯斗\DEBUG\DXLIBPROGRAM.ILK
C:\SCHOOL\3Dゲーム基礎技術\20375012_小竹映唯斗\DEBUG\DXLIBPROGRAM.PDB
C:\school\3Dゲーム基礎技術\20375012_小竹映唯斗\DxLibProgram\Debug\cl.command.1.tlog
C:\school\3Dゲーム基礎技術\20375012_小竹映唯斗\DxLibProgram\Debug\CL.read.1.tlog
C:\school\3Dゲーム基礎技術\20375012_小竹映唯斗\DxLibProgram\Debug\CL.write.1.tlog
C:\SCHOOL\3Dゲーム基礎技術\20375012_小竹映唯斗\DXLIBPROGRAM\DEBUG\COMMON.OBJ
C:\SCHOOL\3Dゲーム基礎技術\20375012_小竹映唯斗\DXLIBPROGRAM\DEBUG\CONSOLEWINDOW.OBJ
C:\school\3Dゲーム基礎技術\20375012_小竹映唯斗\DxLibProgram\Debug\DxLibProgram.exe.embed.manifest
C:\SCHOOL\3Dゲーム基礎技術\20375012_小竹映唯斗\DXLIBPROGRAM\DEBUG\DXLIBPROGRAM.EXE.EMBED.MANIFEST.RES
C:\SCHOOL\3Dゲーム基礎技術\20375012_小竹映唯斗\DXLIBPROGRAM\DEBUG\DXLIBPROGRAM.EXE.INTERMEDIATE.MANIFEST
C:\school\3Dゲーム基礎技術\20375012_小竹映唯斗\DxLibProgram\Debug\DxLibProgram.vcxprojResolveAssemblyReference.cache
C:\school\3Dゲーム基礎技術\20375012_小竹映唯斗\DxLibProgram\Debug\DxLibProgram.write.1.tlog
C:\school\3Dゲーム基礎技術\20375012_小竹映唯斗\DxLibProgram\Debug\DxLibProgram_manifest.rc
C:\school\3Dゲーム基礎技術\20375012_小竹映唯斗\DxLibProgram\Debug\link.11340.read.1.tlog
C:\school\3Dゲーム基礎技術\20375012_小竹映唯斗\DxLibProgram\Debug\link.11340.write.1.tlog
C:\school\3Dゲーム基礎技術\20375012_小竹映唯斗\DxLibProgram\Debug\link.11340-cvtres.read.1.tlog
C:\school\3Dゲーム基礎技術\20375012_小竹映唯斗\DxLibProgram\Debug\link.11340-cvtres.write.1.tlog
C:\school\3Dゲーム基礎技術\20375012_小竹映唯斗\DxLibProgram\Debug\link.1140.read.1.tlog
C:\school\3Dゲーム基礎技術\20375012_小竹映唯斗\DxLibProgram\Debug\link.1140.write.1.tlog
C:\school\3Dゲーム基礎技術\20375012_小竹映唯斗\DxLibProgram\Debug\link.1140-cvtres.read.1.tlog
C:\school\3Dゲーム基礎技術\20375012_小竹映唯斗\DxLibProgram\Debug\link.1140-cvtres.write.1.tlog
C:\school\3Dゲーム基礎技術\20375012_小竹映唯斗\DxLibProgram\Debug\link.12120.read.1.tlog
C:\school\3Dゲーム基礎技術\20375012_小竹映唯斗\DxLibProgram\Debug\link.12120.write.1.tlog
C:\school\3Dゲーム基礎技術\20375012_小竹映唯斗\DxLibProgram\Debug\link.12120-cvtres.read.1.tlog
C:\school\3Dゲーム基礎技術\20375012_小竹映唯斗\DxLibProgram\Debug\link.12120-cvtres.write.1.tlog
C:\school\3Dゲーム基礎技術\20375012_小竹映唯斗\DxLibProgram\Debug\link.12808.read.1.tlog
C:\school\3Dゲーム基礎技術\20375012_小竹映唯斗\DxLibProgram\Debug\link.12808.write.1.tlog
C:\school\3Dゲーム基礎技術\20375012_小竹映唯斗\DxLibProgram\Debug\link.12808-cvtres.read.1.tlog
C:\school\3Dゲーム基礎技術\20375012_小竹映唯斗\DxLibProgram\Debug\link.12808-cvtres.write.1.tlog
C:\school\3Dゲーム基礎技術\20375012_小竹映唯斗\DxLibProgram\Debug\link.1288.read.1.tlog
C:\school\3Dゲーム基礎技術\20375012_小竹映唯斗\DxLibProgram\Debug\link.1288.write.1.tlog
C:\school\3Dゲーム基礎技術\20375012_小竹映唯斗\DxLibProgram\Debug\link.1288-cvtres.read.1.tlog
C:\school\3Dゲーム基礎技術\20375012_小竹映唯斗\DxLibProgram\Debug\link.1288-cvtres.write.1.tlog
C:\school\3Dゲーム基礎技術\20375012_小竹映唯斗\DxLibProgram\Debug\link.13744.read.1.tlog
C:\school\3Dゲーム基礎技術\20375012_小竹映唯斗\DxLibProgram\Debug\link.13744.write.1.tlog
C:\school\3Dゲーム基礎技術\20375012_小竹映唯斗\DxLibProgram\Debug\link.13744-cvtres.read.1.tlog
C:\school\3Dゲーム基礎技術\20375012_小竹映唯斗\DxLibProgram\Debug\link.13744-cvtres.write.1.tlog
C:\school\3Dゲーム基礎技術\20375012_小竹映唯斗\DxLibProgram\Debug\link.14216.read.1.tlog
C:\school\3Dゲーム基礎技術\20375012_小竹映唯斗\DxLibProgram\Debug\link.14216.write.1.tlog
C:\school\3Dゲーム基礎技術\20375012_小竹映唯斗\DxLibProgram\Debug\link.14216-cvtres.read.1.tlog
C:\school\3Dゲーム基礎技術\20375012_小竹映唯斗\DxLibProgram\Debug\link.14216-cvtres.write.1.tlog
C:\school\3Dゲーム基礎技術\20375012_小竹映唯斗\DxLibProgram\Debug\link.14296.read.1.tlog
C:\school\3Dゲーム基礎技術\20375012_小竹映唯斗\DxLibProgram\Debug\link.14296.write.1.tlog
C:\school\3Dゲーム基礎技術\20375012_小竹映唯斗\DxLibProgram\Debug\link.14296-cvtres.read.1.tlog
C:\school\3Dゲーム基礎技術\20375012_小竹映唯斗\DxLibProgram\Debug\link.14296-cvtres.write.1.tlog
C:\school\3Dゲーム基礎技術\20375012_小竹映唯斗\DxLibProgram\Debug\link.14716.read.1.tlog
C:\school\3Dゲーム基礎技術\20375012_小竹映唯斗\DxLibProgram\Debug\link.14716.write.1.tlog
C:\school\3Dゲーム基礎技術\20375012_小竹映唯斗\DxLibProgram\Debug\link.14716-cvtres.read.1.tlog
C:\school\3Dゲーム基礎技術\20375012_小竹映唯斗\DxLibProgram\Debug\link.14716-cvtres.write.1.tlog
C:\school\3Dゲーム基礎技術\20375012_小竹映唯斗\DxLibProgram\Debug\link.15856.read.1.tlog
C:\school\3Dゲーム基礎技術\20375012_小竹映唯斗\DxLibProgram\Debug\link.15856.write.1.tlog
C:\school\3Dゲーム基礎技術\20375012_小竹映唯斗\DxLibProgram\Debug\link.15856-cvtres.read.1.tlog
C:\school\3Dゲーム基礎技術\20375012_小竹映唯斗\DxLibProgram\Debug\link.15856-cvtres.write.1.tlog
C:\school\3Dゲーム基礎技術\20375012_小竹映唯斗\DxLibProgram\Debug\link.16956.read.1.tlog
C:\school\3Dゲーム基礎技術\20375012_小竹映唯斗\DxLibProgram\Debug\link.16956.write.1.tlog
C:\school\3Dゲーム基礎技術\20375012_小竹映唯斗\DxLibProgram\Debug\link.16956-cvtres.read.1.tlog
C:\school\3Dゲーム基礎技術\20375012_小竹映唯斗\DxLibProgram\Debug\link.16956-cvtres.write.1.tlog
C:\school\3Dゲーム基礎技術\20375012_小竹映唯斗\DxLibProgram\Debug\link.18448.read.1.tlog
C:\school\3Dゲーム基礎技術\20375012_小竹映唯斗\DxLibProgram\Debug\link.18448.write.1.tlog
C:\school\3Dゲーム基礎技術\20375012_小竹映唯斗\DxLibProgram\Debug\link.18448-cvtres.read.1.tlog
C:\school\3Dゲーム基礎技術\20375012_小竹映唯斗\DxLibProgram\Debug\link.18448-cvtres.write.1.tlog
C:\school\3Dゲーム基礎技術\20375012_小竹映唯斗\DxLibProgram\Debug\link.18496.read.1.tlog
C:\school\3Dゲーム基礎技術\20375012_小竹映唯斗\DxLibProgram\Debug\link.18496.write.1.tlog
C:\school\3Dゲーム基礎技術\20375012_小竹映唯斗\DxLibProgram\Debug\link.18496-cvtres.read.1.tlog
C:\school\3Dゲーム基礎技術\20375012_小竹映唯斗\DxLibProgram\Debug\link.18496-cvtres.write.1.tlog
C:\school\3Dゲーム基礎技術\20375012_小竹映唯斗\DxLibProgram\Debug\link.19220.read.1.tlog
C:\school\3Dゲーム基礎技術\20375012_小竹映唯斗\DxLibProgram\Debug\link.19220.write.1.tlog
C:\school\3Dゲーム基礎技術\20375012_小竹映唯斗\DxLibProgram\Debug\link.19220-cvtres.read.1.tlog
C:\school\3Dゲーム基礎技術\20375012_小竹映唯斗\DxLibProgram\Debug\link.19220-cvtres.write.1.tlog
C:\school\3Dゲーム基礎技術\20375012_小竹映唯斗\DxLibProgram\Debug\link.2080.read.1.tlog
C:\school\3Dゲーム基礎技術\20375012_小竹映唯斗\DxLibProgram\Debug\link.2080.write.1.tlog
C:\school\3Dゲーム基礎技術\20375012_小竹映唯斗\DxLibProgram\Debug\link.2080-cvtres.read.1.tlog
C:\school\3Dゲーム基礎技術\20375012_小竹映唯斗\DxLibProgram\Debug\link.2080-cvtres.write.1.tlog
C:\school\3Dゲーム基礎技術\20375012_小竹映唯斗\DxLibProgram\Debug\link.6276.read.1.tlog
C:\school\3Dゲーム基礎技術\20375012_小竹映唯斗\DxLibProgram\Debug\link.6276.write.1.tlog
C:\school\3Dゲーム基礎技術\20375012_小竹映唯斗\DxLibProgram\Debug\link.6276-cvtres.read.1.tlog
C:\school\3Dゲーム基礎技術\20375012_小竹映唯斗\DxLibProgram\Debug\link.6276-cvtres.write.1.tlog
C:\school\3Dゲーム基礎技術\20375012_小竹映唯斗\DxLibProgram\Debug\link.7880.read.1.tlog
C:\school\3Dゲーム基礎技術\20375012_小竹映唯斗\DxLibProgram\Debug\link.7880.write.1.tlog
C:\school\3Dゲーム基礎技術\20375012_小竹映唯斗\DxLibProgram\Debug\link.7880-cvtres.read.1.tlog
C:\school\3Dゲーム基礎技術\20375012_小竹映唯斗\DxLibProgram\Debug\link.7880-cvtres.write.1.tlog
C:\school\3Dゲーム基礎技術\20375012_小竹映唯斗\DxLibProgram\Debug\link.8204.read.1.tlog
C:\school\3Dゲーム基礎技術\20375012_小竹映唯斗\DxLibProgram\Debug\link.8204.write.1.tlog
C:\school\3Dゲーム基礎技術\20375012_小竹映唯斗\DxLibProgram\Debug\link.8204-cvtres.read.1.tlog
C:\school\3Dゲーム基礎技術\20375012_小竹映唯斗\DxLibProgram\Debug\link.8204-cvtres.write.1.tlog
C:\school\3Dゲーム基礎技術\20375012_小竹映唯斗\DxLibProgram\Debug\link.8456.read.1.tlog
C:\school\3Dゲーム基礎技術\20375012_小竹映唯斗\DxLibProgram\Debug\link.8456.write.1.tlog
C:\school\3Dゲーム基礎技術\20375012_小竹映唯斗\DxLibProgram\Debug\link.8456-cvtres.read.1.tlog
C:\school\3Dゲーム基礎技術\20375012_小竹映唯斗\DxLibProgram\Debug\link.8456-cvtres.write.1.tlog
C:\school\3Dゲーム基礎技術\20375012_小竹映唯斗\DxLibProgram\Debug\link.command.1.tlog
C:\school\3Dゲーム基礎技術\20375012_小竹映唯斗\DxLibProgram\Debug\link.read.1.tlog
C:\school\3Dゲーム基礎技術\20375012_小竹映唯斗\DxLibProgram\Debug\link.write.1.tlog
C:\school\3Dゲーム基礎技術\20375012_小竹映唯斗\DxLibProgram\Debug\link-cvtres.read.1.tlog
C:\school\3Dゲーム基礎技術\20375012_小竹映唯斗\DxLibProgram\Debug\link-cvtres.write.1.tlog
C:\school\3Dゲーム基礎技術\20375012_小竹映唯斗\DxLibProgram\Debug\mt.command.1.tlog
C:\school\3Dゲーム基礎技術\20375012_小竹映唯斗\DxLibProgram\Debug\mt.read.1.tlog
C:\school\3Dゲーム基礎技術\20375012_小竹映唯斗\DxLibProgram\Debug\mt.write.1.tlog
C:\school\3Dゲーム基礎技術\20375012_小竹映唯斗\DxLibProgram\Debug\rc.command.1.tlog
C:\school\3Dゲーム基礎技術\20375012_小竹映唯斗\DxLibProgram\Debug\rc.read.1.tlog
C:\school\3Dゲーム基礎技術\20375012_小竹映唯斗\DxLibProgram\Debug\rc.write.1.tlog
C:\school\3Dゲーム基礎技術\20375012_小竹映唯斗\DxLibProgram\Debug\vc100.idb
C:\SCHOOL\3Dゲーム基礎技術\20375012_小竹映唯斗\DXLIBPROGRAM\DEBUG\VC100.PDB
C:\SCHOOL\3Dゲーム基礎技術\20375012_小竹映唯斗\DXLIBPROGRAM\DEBUG\WINMAIN.OBJ
C:\SCHOOL\3Dゲーム基礎技術\DXLIBPROGRAM_15_配布\DEBUG\DXLIBPROGRAM.EXE
C:\SCHOOL\3Dゲーム基礎技術\DXLIBPROGRAM_15_配布\DEBUG\DXLIBPROGRAM.ILK
C:\SCHOOL\3Dゲーム基礎技術\DXLIBPROGRAM_15_配布\DEBUG\DXLIBPROGRAM.PDB
C:\SCHOOL\3Dゲーム基礎技術\DXLIBPROGRAM_15_配布\DXLIBPROGRAM\DEBUG\COMMON.OBJ
C:\SCHOOL\3Dゲーム基礎技術\DXLIBPROGRAM_15_配布\DXLIBPROGRAM\DEBUG\CONSOLEWINDOW.OBJ
C:\SCHOOL\3Dゲーム基礎技術\DXLIBPROGRAM_15_配布\DXLIBPROGRAM\DEBUG\DXLIBPROGRAM.EXE.EMBED.MANIFEST
C:\SCHOOL\3Dゲーム基礎技術\DXLIBPROGRAM_15_配布\DXLIBPROGRAM\DEBUG\DXLIBPROGRAM.EXE.EMBED.MANIFEST.RES
C:\SCHOOL\3Dゲーム基礎技術\DXLIBPROGRAM_15_配布\DXLIBPROGRAM\DEBUG\DXLIBPROGRAM.EXE.INTERMEDIATE.MANIFEST
C:\SCHOOL\3Dゲーム基礎技術\DXLIBPROGRAM_15_配布\DXLIBPROGRAM\DEBUG\VC100.PDB
C:\SCHOOL\3Dゲーム基礎技術\DXLIBPROGRAM_15_配布\DXLIBPROGRAM\DEBUG\WINMAIN.OBJ
