C:\Users\gamepg\Desktop\school\2021\2年生\授業_2021_2_2\ゲーム開発技術6\プログラム\オセロプログラム\NetReversi_12コマ終了時_完成\NetReversi\Release\cl.command.1.tlog
C:\Users\gamepg\Desktop\school\2021\2年生\授業_2021_2_2\ゲーム開発技術6\プログラム\オセロプログラム\NetReversi_12コマ終了時_完成\NetReversi\Release\CL.read.1.tlog
C:\Users\gamepg\Desktop\school\2021\2年生\授業_2021_2_2\ゲーム開発技術6\プログラム\オセロプログラム\NetReversi_12コマ終了時_完成\NetReversi\Release\CL.write.1.tlog
C:\Users\gamepg\Desktop\school\2021\2年生\授業_2021_2_2\ゲーム開発技術6\プログラム\オセロプログラム\NetReversi_12コマ終了時_完成\NetReversi\Release\Client.obj
C:\Users\gamepg\Desktop\school\2021\2年生\授業_2021_2_2\ゲーム開発技術6\プログラム\オセロプログラム\NetReversi_12コマ終了時_完成\NetReversi\Release\Common.obj
C:\Users\gamepg\Desktop\school\2021\2年生\授業_2021_2_2\ゲーム開発技術6\プログラム\オセロプログラム\NetReversi_12コマ終了時_完成\NetReversi\Release\link.command.1.tlog
C:\Users\gamepg\Desktop\school\2021\2年生\授業_2021_2_2\ゲーム開発技術6\プログラム\オセロプログラム\NetReversi_12コマ終了時_完成\NetReversi\Release\link.read.1.tlog
C:\Users\gamepg\Desktop\school\2021\2年生\授業_2021_2_2\ゲーム開発技術6\プログラム\オセロプログラム\NetReversi_12コマ終了時_完成\NetReversi\Release\link.write.1.tlog
C:\Users\gamepg\Desktop\school\2021\2年生\授業_2021_2_2\ゲーム開発技術6\プログラム\オセロプログラム\NetReversi_12コマ終了時_完成\NetReversi\Release\mt.command.1.tlog
C:\Users\gamepg\Desktop\school\2021\2年生\授業_2021_2_2\ゲーム開発技術6\プログラム\オセロプログラム\NetReversi_12コマ終了時_完成\NetReversi\Release\mt.read.1.tlog
C:\Users\gamepg\Desktop\school\2021\2年生\授業_2021_2_2\ゲーム開発技術6\プログラム\オセロプログラム\NetReversi_12コマ終了時_完成\NetReversi\Release\mt.write.1.tlog
C:\Users\gamepg\Desktop\school\2021\2年生\授業_2021_2_2\ゲーム開発技術6\プログラム\オセロプログラム\NetReversi_12コマ終了時_完成\NetReversi\Release\NetReversi.exe.intermediate.manifest
C:\Users\gamepg\Desktop\school\2021\2年生\授業_2021_2_2\ゲーム開発技術6\プログラム\オセロプログラム\NetReversi_12コマ終了時_完成\NetReversi\Release\NetReversi.write.1.tlog
C:\Users\gamepg\Desktop\school\2021\2年生\授業_2021_2_2\ゲーム開発技術6\プログラム\オセロプログラム\NetReversi_12コマ終了時_完成\NetReversi\Release\Server.obj
C:\Users\gamepg\Desktop\school\2021\2年生\授業_2021_2_2\ゲーム開発技術6\プログラム\オセロプログラム\NetReversi_12コマ終了時_完成\NetReversi\Release\vc100.pdb
C:\Users\gamepg\Desktop\school\2021\2年生\授業_2021_2_2\ゲーム開発技術6\プログラム\オセロプログラム\NetReversi_12コマ終了時_完成\NetReversi\Release\WinMain.obj
C:\Users\gamepg\Desktop\school\2021\2年生\授業_2021_2_2\ゲーム開発技術6\プログラム\オセロプログラム\NetReversi_12コマ終了時_完成\Release\NetReversi.exe
C:\Users\gamepg\Desktop\school\2021\2年生\授業_2021_2_2\ゲーム開発技術6\プログラム\オセロプログラム\NetReversi_12コマ終了時_完成\Release\NetReversi.pdb
C:\USERS\GAMEPG\DESKTOP\松沢\学校\授業_2019_2_2\ネットワークプロ_開技7\完成品\NETREVERSI\NETREVERSI\RELEASE\CLIENT.OBJ
C:\USERS\GAMEPG\DESKTOP\松沢\学校\授業_2019_2_2\ネットワークプロ_開技7\完成品\NETREVERSI\NETREVERSI\RELEASE\COMMON.OBJ
C:\USERS\GAMEPG\DESKTOP\松沢\学校\授業_2019_2_2\ネットワークプロ_開技7\完成品\NETREVERSI\NETREVERSI\RELEASE\NETREVERSI.EXE.INTERMEDIATE.MANIFEST
C:\USERS\GAMEPG\DESKTOP\松沢\学校\授業_2019_2_2\ネットワークプロ_開技7\完成品\NETREVERSI\NETREVERSI\RELEASE\SERVER.OBJ
C:\USERS\GAMEPG\DESKTOP\松沢\学校\授業_2019_2_2\ネットワークプロ_開技7\完成品\NETREVERSI\NETREVERSI\RELEASE\VC100.PDB
C:\USERS\GAMEPG\DESKTOP\松沢\学校\授業_2019_2_2\ネットワークプロ_開技7\完成品\NETREVERSI\NETREVERSI\RELEASE\WINMAIN.OBJ
C:\USERS\GAMEPG\DESKTOP\松沢\学校\授業_2019_2_2\ネットワークプロ_開技7\完成品\NETREVERSI\RELEASE\NETREVERSI.EXE
C:\USERS\GAMEPG\DESKTOP\松沢\学校\授業_2019_2_2\ネットワークプロ_開技7\完成品\NETREVERSI\RELEASE\NETREVERSI.PDB
