2021/06/10 14:22:33 にビルドを開始しました。
     1>ノード 2 上のプロジェクト "C:\school\3Dゲーム基礎技術\NetReversi_12コマ時配布\NetReversi\NetReversi.vcxproj" (build ターゲット)。
     1>InitializeBuildStatus:
         "AlwaysCreate" が指定されたため "Release\NetReversi.unsuccessfulbuild" を作成しています。
       ClCompile:
         C:\Program Files (x86)\Microsoft Visual Studio 10.0\VC\bin\CL.exe /c /Zi /nologo /W3 /WX- /O2 /Oi /Oy- /GL /D WIN32 /D NDEBUG /D _WINDOWS /D _MBCS /Gm- /EHsc /MD /GS /Gy /fp:precise /Zc:wchar_t /Zc:forScope /Fo"Release\\" /Fd"Release\vc100.pdb" /Gd /TP /analyze- /errorReport:prompt WinMain.cpp
         WinMain.cpp
       Link:
         C:\Program Files (x86)\Microsoft Visual Studio 10.0\VC\bin\link.exe /ERRORREPORT:PROMPT /OUT:"C:\school\3Dゲーム基礎技術\NetReversi_12コマ時配布\Release\NetReversi.exe" /INCREMENTAL:NO /NOLOGO ws2_32.lib msimg32.lib kernel32.lib user32.lib gdi32.lib winspool.lib comdlg32.lib advapi32.lib shell32.lib ole32.lib oleaut32.lib uuid.lib odbc32.lib odbccp32.lib kernel32.lib user32.lib gdi32.lib winspool.lib comdlg32.lib advapi32.lib shell32.lib ole32.lib oleaut32.lib uuid.lib odbc32.lib odbccp32.lib /MANIFEST /ManifestFile:"Release\NetReversi.exe.intermediate.manifest" /MANIFESTUAC:"level='asInvoker' uiAccess='false'" /DEBUG /PDB:"C:\school\3Dゲーム基礎技術\NetReversi_12コマ時配布\Release\NetReversi.pdb" /SUBSYSTEM:WINDOWS /OPT:REF /OPT:ICF /LTCG /TLBID:1 /DYNAMICBASE /NXCOMPAT /IMPLIB:"C:\school\3Dゲーム基礎技術\NetReversi_12コマ時配布\Release\NetReversi.lib" /MACHINE:X86 Release\Client.obj
         Release\Common.obj
         Release\Server.obj
         Release\WinMain.obj
         コード生成しています。
         コード生成が終了しました。
         NetReversi.vcxproj -> C:\school\3Dゲーム基礎技術\NetReversi_12コマ時配布\Release\NetReversi.exe
       Manifest:
         C:\Program Files (x86)\Microsoft SDKs\Windows\v7.0A\bin\mt.exe /nologo /verbose /outputresource:"C:\school\3Dゲーム基礎技術\NetReversi_12コマ時配布\Release\NetReversi.exe;#1" /manifest Release\NetReversi.exe.intermediate.manifest
       FinalizeBuildStatus:
         ファイル "Release\NetReversi.unsuccessfulbuild" を削除しています。
         "Release\NetReversi.lastbuildstate" のタッチ タスクを実行しています。
     1>プロジェクト "C:\school\3Dゲーム基礎技術\NetReversi_12コマ時配布\NetReversi\NetReversi.vcxproj" (build ターゲット) のビルドが完了しました。

ビルドに成功しました。

経過時間 00:00:00.73
