2021/06/16 14:48:29 にビルドを開始しました。
     1>ノード 2 上のプロジェクト "C:\school\new\onliegame\Onlinegame2\DxLibProgram\DxLibProgram.vcxproj" (build ターゲット)。
     1>InitializeBuildStatus:
         "Debug\DxLibProgram.unsuccessfulbuild" のタッチ タスクを実行しています。
       ClCompile:
         C:\Program Files (x86)\Microsoft Visual Studio 10.0\VC\bin\CL.exe /c /I"C:\Program Files\DxLib_VC" /ZI /nologo /W3 /WX- /Od /Oy- /D WIN32 /D _DEBUG /D _WINDOWS /D _MBCS /Gm /EHsc /RTC1 /MTd /GS /fp:precise /Zc:wchar_t /Zc:forScope /Fo"Debug\\" /Fd"Debug\vc100.pdb" /Gd /TP /analyze- /errorReport:prompt WinMain.cpp
         WinMain.cpp
     1>c:\school\new\onliegame\onlinegame2\dxlibprogram\winmain.cpp(84): warning C4101: 'FloorNum' : ローカル変数は 1 度も使われていません。
     1>c:\school\new\onliegame\onlinegame2\dxlibprogram\winmain.cpp(86): warning C4101: 'Floor' : ローカル変数は 1 度も使われていません。
     1>c:\school\new\onliegame\onlinegame2\dxlibprogram\winmain.cpp(85): warning C4101: 'Wall' : ローカル変数は 1 度も使われていません。
     1>c:\school\new\onliegame\onlinegame2\dxlibprogram\winmain.cpp(82): warning C4101: 'HitDim' : ローカル変数は 1 度も使われていません。
     1>c:\school\new\onliegame\onlinegame2\dxlibprogram\winmain.cpp(89): warning C4101: 'Poly' : ローカル変数は 1 度も使われていません。
     1>c:\school\new\onliegame\onlinegame2\dxlibprogram\winmain.cpp(96): warning C4101: 'key' : ローカル変数は 1 度も使われていません。
     1>c:\school\new\onliegame\onlinegame2\dxlibprogram\winmain.cpp(98): warning C4101: 'Position' : ローカル変数は 1 度も使われていません。
     1>c:\school\new\onliegame\onlinegame2\dxlibprogram\winmain.cpp(90): warning C4101: 'LineRes' : ローカル変数は 1 度も使われていません。
     1>c:\school\new\onliegame\onlinegame2\dxlibprogram\winmain.cpp(88): warning C4101: 'HitFlag' : ローカル変数は 1 度も使われていません。
     1>c:\school\new\onliegame\onlinegame2\dxlibprogram\winmain.cpp(49): warning C4101: 'stagedata_c' : ローカル変数は 1 度も使われていません。
     1>c:\school\new\onliegame\onlinegame2\dxlibprogram\winmain.cpp(65): warning C4101: 'ShadowMapHandle' : ローカル変数は 1 度も使われていません。
     1>c:\school\new\onliegame\onlinegame2\dxlibprogram\winmain.cpp(83): warning C4101: 'WallNum' : ローカル変数は 1 度も使われていません。
     1>c:\school\new\onliegame\onlinegame2\dxlibprogram\winmain.cpp(48): warning C4101: 'stagedata' : ローカル変数は 1 度も使われていません。
     1>c:\school\new\onliegame\onlinegame2\dxlibprogram\winmain.cpp(94): warning C4101: 'PolyCharaHitField' : ローカル変数は 1 度も使われていません。
       ManifestResourceCompile:
         すべての出力が最新のものです。
       Link:
         C:\Program Files (x86)\Microsoft Visual Studio 10.0\VC\bin\link.exe /ERRORREPORT:PROMPT /OUT:"C:\school\new\onliegame\Onlinegame2\Debug\DxLibProgram.exe" /INCREMENTAL /NOLOGO /LIBPATH:"C:\Program Files\DxLib_VC" kernel32.lib user32.lib gdi32.lib winspool.lib comdlg32.lib advapi32.lib shell32.lib ole32.lib oleaut32.lib uuid.lib odbc32.lib odbccp32.lib /MANIFEST /ManifestFile:"Debug\DxLibProgram.exe.intermediate.manifest" /MANIFESTUAC:"level='asInvoker' uiAccess='false'" /DEBUG /PDB:"C:\school\new\onliegame\Onlinegame2\Debug\DxLibProgram.pdb" /SUBSYSTEM:WINDOWS /TLBID:1 /DYNAMICBASE /NXCOMPAT /IMPLIB:"C:\school\new\onliegame\Onlinegame2\Debug\DxLibProgram.lib" /MACHINE:X86 Debug\DxLibProgram.exe.embed.manifest.res
         Debug\Client.obj
         Debug\Common.obj
         Debug\ConsoleWindow.obj
         Debug\Server.obj
         Debug\WinMain.obj
       Manifest:
         C:\Program Files (x86)\Microsoft SDKs\Windows\v7.0A\bin\mt.exe /nologo /verbose /out:"Debug\DxLibProgram.exe.embed.manifest" /manifest Debug\DxLibProgram.exe.intermediate.manifest
         C:\Program Files (x86)\Microsoft SDKs\Windows\v7.0A\bin\rc.exe /nologo /fo"Debug\DxLibProgram.exe.embed.manifest.res" Debug\DxLibProgram_manifest.rc 
       LinkEmbedManifest:
         C:\Program Files (x86)\Microsoft Visual Studio 10.0\VC\bin\link.exe /ERRORREPORT:PROMPT /OUT:"C:\school\new\onliegame\Onlinegame2\Debug\DxLibProgram.exe" /INCREMENTAL /NOLOGO /LIBPATH:"C:\Program Files\DxLib_VC" kernel32.lib user32.lib gdi32.lib winspool.lib comdlg32.lib advapi32.lib shell32.lib ole32.lib oleaut32.lib uuid.lib odbc32.lib odbccp32.lib /MANIFEST /ManifestFile:"Debug\DxLibProgram.exe.intermediate.manifest" /MANIFESTUAC:"level='asInvoker' uiAccess='false'" /DEBUG /PDB:"C:\school\new\onliegame\Onlinegame2\Debug\DxLibProgram.pdb" /SUBSYSTEM:WINDOWS /TLBID:1 /DYNAMICBASE /NXCOMPAT /IMPLIB:"C:\school\new\onliegame\Onlinegame2\Debug\DxLibProgram.lib" /MACHINE:X86 Debug\DxLibProgram.exe.embed.manifest.res
         Debug\Client.obj
         Debug\Common.obj
         Debug\ConsoleWindow.obj
         Debug\Server.obj
         Debug\WinMain.obj
         DxLibProgram.vcxproj -> C:\school\new\onliegame\Onlinegame2\Debug\DxLibProgram.exe
       FinalizeBuildStatus:
         ファイル "Debug\DxLibProgram.unsuccessfulbuild" を削除しています。
         "Debug\DxLibProgram.lastbuildstate" のタッチ タスクを実行しています。
     1>プロジェクト "C:\school\new\onliegame\Onlinegame2\DxLibProgram\DxLibProgram.vcxproj" (build ターゲット) のビルドが完了しました。

ビルドに成功しました。

経過時間 00:00:02.38
